0 info it worked if it ends with ok
1 verbose cli [ 'node', '/usr/local/bin/npm', 'start' ]
2 info using npm@1.1.61
3 info using node@v0.8.8
4 verbose read json /Users/svand/Develop/wordlist/server/package.json
5 verbose run-script [ 'prestart', 'start', 'poststart' ]
6 info prestart wordlist@0.0.0-1
7 info start wordlist@0.0.0-1
8 verbose unsafe-perm in lifecycle true
9 silly exec sh "-c" "node server.js"
10 silly sh,-c,node server.js,/Users/svand/Develop/wordlist/server spawning
11 info wordlist@0.0.0-1 Failed to exec start script
12 error wordlist@0.0.0-1 start: `node server.js`
12 error `sh "-c" "node server.js"` failed with 1
13 error Failed at the wordlist@0.0.0-1 start script.
13 error This is most likely a problem with the wordlist package,
13 error not with npm itself.
13 error Tell the author that this fails on your system:
13 error     node server.js
13 error You can get their info via:
13 error     npm owner ls wordlist
13 error There is likely additional logging output above.
14 error System Darwin 11.4.0
15 error command "node" "/usr/local/bin/npm" "start"
16 error cwd /Users/svand/Develop/wordlist/server
17 error node -v v0.8.8
18 error npm -v 1.1.61
19 error code ELIFECYCLE
20 verbose exit [ 1, true ]
